2013-12-08 12:47:49,633 - [INFO] - from play in pool-16-thread-4 
Listening for HTTP on /0:0:0:0:0:0:0:0:9000

2013-12-08 12:47:59,444 - [INFO] - from play in play-internal-execution-context-1 
database [default] connected at jdbc:mysql://localhost:3306/db?useUnicode=true&amp;characterEncoding=utf-8

2013-12-08 12:48:00,065 - [INFO] - from play in play-internal-execution-context-1 
Application started (Dev)

2013-12-08 13:26:14,676 - [INFO] - from play in play-internal-execution-context-9 
database [default] connected at jdbc:mysql://localhost:3306/db?useUnicode=true&amp;characterEncoding=utf-8

2013-12-08 13:26:14,709 - [INFO] - from play in play-internal-execution-context-9 
Application started (Dev)

2013-12-08 13:26:31,458 - [INFO] - from play in play-internal-execution-context-9 
database [default] connected at jdbc:mysql://localhost:3306/db?useUnicode=true&amp;characterEncoding=utf-8

2013-12-08 13:26:31,474 - [INFO] - from play in play-internal-execution-context-9 
Application started (Dev)

2013-12-08 13:31:28,851 - [INFO] - from play in play-internal-execution-context-9 
database [default] connected at jdbc:mysql://localhost:3306/db?useUnicode=true&amp;characterEncoding=utf-8

2013-12-08 13:31:28,872 - [INFO] - from play in play-internal-execution-context-9 
Application started (Dev)

2013-12-08 13:33:09,840 - [INFO] - from play in play-internal-execution-context-9 
database [default] connected at jdbc:mysql://localhost:3306/db?useUnicode=true&amp;characterEncoding=utf-8

2013-12-08 13:33:09,855 - [INFO] - from play in play-internal-execution-context-9 
Application started (Dev)

2013-12-08 13:40:50,538 - [INFO] - from play in play-internal-execution-context-9 
database [default] connected at jdbc:mysql://localhost:3306/db?useUnicode=true&amp;characterEncoding=utf-8

2013-12-08 13:40:50,552 - [INFO] - from play in play-internal-execution-context-9 
Application started (Dev)

2013-12-08 13:41:37,758 - [INFO] - from play in play-internal-execution-context-9 
database [default] connected at jdbc:mysql://localhost:3306/db?useUnicode=true&amp;characterEncoding=utf-8

2013-12-08 13:41:37,773 - [INFO] - from play in play-internal-execution-context-9 
Application started (Dev)

2013-12-08 14:50:39,405 - [INFO] - from play in play-internal-execution-context-9 
database [default] connected at jdbc:mysql://localhost:3306/db?useUnicode=true&amp;characterEncoding=utf-8

2013-12-08 14:50:39,435 - [INFO] - from play in play-internal-execution-context-9 
Application started (Dev)

2013-12-08 14:55:03,713 - [INFO] - from play in play-internal-execution-context-9 
database [default] connected at jdbc:mysql://localhost:3306/db?useUnicode=true&amp;characterEncoding=utf-8

2013-12-08 14:55:03,727 - [INFO] - from play in play-internal-execution-context-9 
Application started (Dev)

2013-12-08 14:55:40,307 - [INFO] - from play in play-internal-execution-context-9 
database [default] connected at jdbc:mysql://localhost:3306/db?useUnicode=true&amp;characterEncoding=utf-8

2013-12-08 14:55:40,322 - [INFO] - from play in play-internal-execution-context-9 
Application started (Dev)

2013-12-08 14:55:56,475 - [INFO] - from play in play-internal-execution-context-9 
database [default] connected at jdbc:mysql://localhost:3306/db?useUnicode=true&amp;characterEncoding=utf-8

2013-12-08 14:55:56,491 - [INFO] - from play in play-internal-execution-context-9 
Application started (Dev)

2013-12-08 15:05:34,113 - [INFO] - from play in play-internal-execution-context-9 
database [default] connected at jdbc:mysql://localhost:3306/db?useUnicode=true&amp;characterEncoding=utf-8

2013-12-08 15:05:34,127 - [INFO] - from play in play-internal-execution-context-9 
Application started (Dev)

2013-12-08 15:08:11,469 - [INFO] - from play in play-internal-execution-context-9 
database [default] connected at jdbc:mysql://localhost:3306/db?useUnicode=true&amp;characterEncoding=utf-8

2013-12-08 15:08:11,483 - [INFO] - from play in play-internal-execution-context-9 
Application started (Dev)

2013-12-08 15:09:33,438 - [INFO] - from play in play-internal-execution-context-9 
database [default] connected at jdbc:mysql://localhost:3306/db?useUnicode=true&amp;characterEncoding=utf-8

2013-12-08 15:09:33,452 - [INFO] - from play in play-internal-execution-context-9 
Application started (Dev)

2013-12-08 15:11:19,067 - [INFO] - from play in play-internal-execution-context-9 
database [default] connected at jdbc:mysql://localhost:3306/db?useUnicode=true&amp;characterEncoding=utf-8

2013-12-08 15:11:19,082 - [INFO] - from play in play-internal-execution-context-9 
Application started (Dev)

2013-12-08 15:11:58,292 - [INFO] - from play in play-internal-execution-context-9 
database [default] connected at jdbc:mysql://localhost:3306/db?useUnicode=true&amp;characterEncoding=utf-8

2013-12-08 15:11:58,312 - [INFO] - from play in play-internal-execution-context-9 
Application started (Dev)

2013-12-08 15:20:50,829 - [INFO] - from play in play-internal-execution-context-9 
database [default] connected at jdbc:mysql://localhost:3306/db?useUnicode=true&amp;characterEncoding=utf-8

2013-12-08 15:20:50,845 - [INFO] - from play in play-internal-execution-context-9 
Application started (Dev)

2013-12-08 15:22:00,363 - [INFO] - from play in play-internal-execution-context-9 
database [default] connected at jdbc:mysql://localhost:3306/db?useUnicode=true&amp;characterEncoding=utf-8

2013-12-08 15:22:00,377 - [INFO] - from play in play-internal-execution-context-9 
Application started (Dev)

2013-12-08 15:22:55,147 - [INFO] - from play in play-internal-execution-context-9 
database [default] connected at jdbc:mysql://localhost:3306/db?useUnicode=true&amp;characterEncoding=utf-8

2013-12-08 15:22:55,161 - [INFO] - from play in play-internal-execution-context-9 
Application started (Dev)

2013-12-08 15:56:41,084 - [INFO] - from play in play-internal-execution-context-9 
database [default] connected at jdbc:mysql://localhost:3306/db?useUnicode=true&amp;characterEncoding=utf-8

2013-12-08 15:56:41,098 - [INFO] - from play in play-internal-execution-context-9 
Application started (Dev)

2013-12-08 15:58:10,972 - [ERROR] - from com.jolbox.bonecp.ConnectionHandle in pool-16-thread-4 
Database access problem. Killing off this connection and all remaining connections in the connection pool. SQL State = 08007

2013-12-08 15:58:10,991 - [ERROR] - from com.jolbox.bonecp.BoneCP in pool-16-thread-4 
Error in attempting to close connection
com.mysql.jdbc.exceptions.jdbc4.MySQLNonTransientConnectionException: Communications link failure during rollback(). Transaction resolution unknown.
	at sun.reflect.GeneratedConstructorAccessor15.newInstance(Unknown Source) ~[na:na]
	at sun.reflect.DelegatingConstructorAccessorImpl.newInstance(DelegatingConstructorAccessorImpl.java:45) ~[na:1.7.0]
	at java.lang.reflect.Constructor.newInstance(Constructor.java:525) ~[na:1.7.0]
	at com.mysql.jdbc.Util.handleNewInstance(Util.java:411) ~[mysql-connector-java-5.1.22-bin.jar:na]
	at com.mysql.jdbc.Util.getInstance(Util.java:386) ~[mysql-connector-java-5.1.22-bin.jar:na]
	at com.mysql.jdbc.SQLError.createSQLException(SQLError.java:1014) ~[mysql-connector-java-5.1.22-bin.jar:na]
	at com.mysql.jdbc.SQLError.createSQLException(SQLError.java:988) ~[mysql-connector-java-5.1.22-bin.jar:na]
	at com.mysql.jdbc.SQLError.createSQLException(SQLError.java:974) ~[mysql-connector-java-5.1.22-bin.jar:na]
	at com.mysql.jdbc.SQLError.createSQLException(SQLError.java:919) ~[mysql-connector-java-5.1.22-bin.jar:na]
	at com.mysql.jdbc.ConnectionImpl.rollback(ConnectionImpl.java:4808) ~[mysql-connector-java-5.1.22-bin.jar:na]
	at com.mysql.jdbc.ConnectionImpl.realClose(ConnectionImpl.java:4403) ~[mysql-connector-java-5.1.22-bin.jar:na]
	at com.mysql.jdbc.ConnectionImpl.close(ConnectionImpl.java:1594) ~[mysql-connector-java-5.1.22-bin.jar:na]
	at com.jolbox.bonecp.ConnectionHandle.internalClose(ConnectionHandle.java:504) ~[bonecp.jar:na]
	at com.jolbox.bonecp.BoneCP.destroyConnection(BoneCP.java:216) [bonecp.jar:na]
	at com.jolbox.bonecp.DefaultConnectionStrategy.terminateAllConnections(DefaultConnectionStrategy.java:111) [bonecp.jar:na]
	at com.jolbox.bonecp.BoneCP.shutdown(BoneCP.java:182) [bonecp.jar:na]
	at com.jolbox.bonecp.BoneCPDataSource.close(BoneCPDataSource.java:143) [bonecp.jar:na]
	at play.api.db.BoneCPApi.shutdownPool(DB.scala:414) [play-jdbc_2.10.jar:2.2.0]
	at play.api.db.BoneCPPlugin$$anonfun$onStop$1.apply(DB.scala:264) [play-jdbc_2.10.jar:2.2.0]
	at play.api.db.BoneCPPlugin$$anonfun$onStop$1.apply(DB.scala:262) [play-jdbc_2.10.jar:2.2.0]
	at scala.collection.immutable.List.foreach(List.scala:318) [scala-library.jar:na]
	at play.api.db.BoneCPPlugin.onStop(DB.scala:262) [play-jdbc_2.10.jar:2.2.0]
	at play.api.Play$$anonfun$stop$1$$anonfun$apply$1$$anonfun$apply$mcV$sp$2.apply(Play.scala:105) [play_2.10.jar:2.2.0]
	at play.api.Play$$anonfun$stop$1$$anonfun$apply$1$$anonfun$apply$mcV$sp$2.apply(Play.scala:104) [play_2.10.jar:2.2.0]
	at scala.collection.immutable.List.foreach(List.scala:318) [scala-library.jar:na]
	at play.api.Play$$anonfun$stop$1$$anonfun$apply$1.apply$mcV$sp(Play.scala:104) [play_2.10.jar:2.2.0]
	at play.api.Play$$anonfun$stop$1$$anonfun$apply$1.apply(Play.scala:104) [play_2.10.jar:2.2.0]
	at play.api.Play$$anonfun$stop$1$$anonfun$apply$1.apply(Play.scala:104) [play_2.10.jar:2.2.0]
	at play.utils.Threads$.withContextClassLoader(Threads.scala:18) [play_2.10.jar:2.2.0]
	at play.api.Play$$anonfun$stop$1.apply(Play.scala:103) [play_2.10.jar:2.2.0]
	at play.api.Play$$anonfun$stop$1.apply(Play.scala:102) [play_2.10.jar:2.2.0]
	at scala.Option.map(Option.scala:145) [scala-library.jar:na]
	at play.api.Play$.stop(Play.scala:102) [play_2.10.jar:2.2.0]
	at play.core.server.NettyServer.stop(NettyServer.scala:163) [play_2.10.jar:2.2.0]
	at play.PlayRun$$anonfun$playRunTask$1$$anonfun$apply$1.apply(PlayRun.scala:318) [sbt-plugin-2.2.0.jar:2.2.0]
	at play.PlayRun$$anonfun$playRunTask$1$$anonfun$apply$1.apply(PlayRun.scala:91) [sbt-plugin-2.2.0.jar:2.2.0]
	at scala.Function7$$anonfun$tupled$1.apply(Function7.scala:35) [scala-library.jar:0.13.0]
	at scala.Function7$$anonfun$tupled$1.apply(Function7.scala:34) [scala-library.jar:0.13.0]
	at scala.Function1$$anonfun$compose$1.apply(Function1.scala:47) [scala-library.jar:0.13.0]
	at sbt.$tilde$greater$$anonfun$$u2219$1.apply(TypeFunctions.scala:42) [collections-0.13.0.jar:0.13.0]
	at sbt.std.Transform$$anon$4.work(System.scala:64) [task-system-0.13.0.jar:0.13.0]
	at sbt.Execute$$anonfun$submit$1$$anonfun$apply$1.apply(Execute.scala:237) [tasks-0.13.0.jar:0.13.0]
	at sbt.Execute$$anonfun$submit$1$$anonfun$apply$1.apply(Execute.scala:237) [tasks-0.13.0.jar:0.13.0]
	at sbt.ErrorHandling$.wideConvert(ErrorHandling.scala:18) [control-0.13.0.jar:0.13.0]
	at sbt.Execute.work(Execute.scala:244) [tasks-0.13.0.jar:0.13.0]
	at sbt.Execute$$anonfun$submit$1.apply(Execute.scala:237) [tasks-0.13.0.jar:0.13.0]
	at sbt.Execute$$anonfun$submit$1.apply(Execute.scala:237) [tasks-0.13.0.jar:0.13.0]
	at sbt.ConcurrentRestrictions$$anon$4$$anonfun$1.apply(ConcurrentRestrictions.scala:160) [tasks-0.13.0.jar:0.13.0]
	at sbt.CompletionService$$anon$2.call(CompletionService.scala:30) [tasks-0.13.0.jar:0.13.0]
	at java.util.concurrent.FutureTask$Sync.innerRun(FutureTask.java:334) [na:1.7.0]
	at java.util.concurrent.FutureTask.run(FutureTask.java:166) [na:1.7.0]
	at java.util.concurrent.Executors$RunnableAdapter.call(Executors.java:471) [na:1.7.0]
	at java.util.concurrent.FutureTask$Sync.innerRun(FutureTask.java:334) [na:1.7.0]
	at java.util.concurrent.FutureTask.run(FutureTask.java:166) [na:1.7.0]
	at java.util.concurrent.ThreadPoolExecutor.runWorker(ThreadPoolExecutor.java:1110) [na:1.7.0]
	at java.util.concurrent.ThreadPoolExecutor$Worker.run(ThreadPoolExecutor.java:603) [na:1.7.0]
	at java.lang.Thread.run(Thread.java:722) [na:1.7.0]

2013-12-08 15:58:10,998 - [ERROR] - from com.jolbox.bonecp.BoneCP in pool-16-thread-4 
Error in attempting to close connection
com.mysql.jdbc.exceptions.jdbc4.MySQLNonTransientConnectionException: Communications link failure during rollback(). Transaction resolution unknown.
	at sun.reflect.GeneratedConstructorAccessor15.newInstance(Unknown Source) ~[na:na]
	at sun.reflect.DelegatingConstructorAccessorImpl.newInstance(DelegatingConstructorAccessorImpl.java:45) ~[na:1.7.0]
	at java.lang.reflect.Constructor.newInstance(Constructor.java:525) ~[na:1.7.0]
	at com.mysql.jdbc.Util.handleNewInstance(Util.java:411) ~[mysql-connector-java-5.1.22-bin.jar:na]
	at com.mysql.jdbc.Util.getInstance(Util.java:386) ~[mysql-connector-java-5.1.22-bin.jar:na]
	at com.mysql.jdbc.SQLError.createSQLException(SQLError.java:1014) ~[mysql-connector-java-5.1.22-bin.jar:na]
	at com.mysql.jdbc.SQLError.createSQLException(SQLError.java:988) ~[mysql-connector-java-5.1.22-bin.jar:na]
	at com.mysql.jdbc.SQLError.createSQLException(SQLError.java:974) ~[mysql-connector-java-5.1.22-bin.jar:na]
	at com.mysql.jdbc.SQLError.createSQLException(SQLError.java:919) ~[mysql-connector-java-5.1.22-bin.jar:na]
	at com.mysql.jdbc.ConnectionImpl.rollback(ConnectionImpl.java:4808) ~[mysql-connector-java-5.1.22-bin.jar:na]
	at com.mysql.jdbc.ConnectionImpl.realClose(ConnectionImpl.java:4403) ~[mysql-connector-java-5.1.22-bin.jar:na]
	at com.mysql.jdbc.ConnectionImpl.close(ConnectionImpl.java:1594) ~[mysql-connector-java-5.1.22-bin.jar:na]
	at com.jolbox.bonecp.ConnectionHandle.internalClose(ConnectionHandle.java:504) ~[bonecp.jar:na]
	at com.jolbox.bonecp.BoneCP.destroyConnection(BoneCP.java:216) [bonecp.jar:na]
	at com.jolbox.bonecp.DefaultConnectionStrategy.terminateAllConnections(DefaultConnectionStrategy.java:111) [bonecp.jar:na]
	at com.jolbox.bonecp.BoneCP.shutdown(BoneCP.java:182) [bonecp.jar:na]
	at com.jolbox.bonecp.BoneCPDataSource.close(BoneCPDataSource.java:143) [bonecp.jar:na]
	at play.api.db.BoneCPApi.shutdownPool(DB.scala:414) [play-jdbc_2.10.jar:2.2.0]
	at play.api.db.BoneCPPlugin$$anonfun$onStop$1.apply(DB.scala:264) [play-jdbc_2.10.jar:2.2.0]
	at play.api.db.BoneCPPlugin$$anonfun$onStop$1.apply(DB.scala:262) [play-jdbc_2.10.jar:2.2.0]
	at scala.collection.immutable.List.foreach(List.scala:318) [scala-library.jar:na]
	at play.api.db.BoneCPPlugin.onStop(DB.scala:262) [play-jdbc_2.10.jar:2.2.0]
	at play.api.Play$$anonfun$stop$1$$anonfun$apply$1$$anonfun$apply$mcV$sp$2.apply(Play.scala:105) [play_2.10.jar:2.2.0]
	at play.api.Play$$anonfun$stop$1$$anonfun$apply$1$$anonfun$apply$mcV$sp$2.apply(Play.scala:104) [play_2.10.jar:2.2.0]
	at scala.collection.immutable.List.foreach(List.scala:318) [scala-library.jar:na]
	at play.api.Play$$anonfun$stop$1$$anonfun$apply$1.apply$mcV$sp(Play.scala:104) [play_2.10.jar:2.2.0]
	at play.api.Play$$anonfun$stop$1$$anonfun$apply$1.apply(Play.scala:104) [play_2.10.jar:2.2.0]
	at play.api.Play$$anonfun$stop$1$$anonfun$apply$1.apply(Play.scala:104) [play_2.10.jar:2.2.0]
	at play.utils.Threads$.withContextClassLoader(Threads.scala:18) [play_2.10.jar:2.2.0]
	at play.api.Play$$anonfun$stop$1.apply(Play.scala:103) [play_2.10.jar:2.2.0]
	at play.api.Play$$anonfun$stop$1.apply(Play.scala:102) [play_2.10.jar:2.2.0]
	at scala.Option.map(Option.scala:145) [scala-library.jar:na]
	at play.api.Play$.stop(Play.scala:102) [play_2.10.jar:2.2.0]
	at play.core.server.NettyServer.stop(NettyServer.scala:163) [play_2.10.jar:2.2.0]
	at play.PlayRun$$anonfun$playRunTask$1$$anonfun$apply$1.apply(PlayRun.scala:318) [sbt-plugin-2.2.0.jar:2.2.0]
	at play.PlayRun$$anonfun$playRunTask$1$$anonfun$apply$1.apply(PlayRun.scala:91) [sbt-plugin-2.2.0.jar:2.2.0]
	at scala.Function7$$anonfun$tupled$1.apply(Function7.scala:35) [scala-library.jar:0.13.0]
	at scala.Function7$$anonfun$tupled$1.apply(Function7.scala:34) [scala-library.jar:0.13.0]
	at scala.Function1$$anonfun$compose$1.apply(Function1.scala:47) [scala-library.jar:0.13.0]
	at sbt.$tilde$greater$$anonfun$$u2219$1.apply(TypeFunctions.scala:42) [collections-0.13.0.jar:0.13.0]
	at sbt.std.Transform$$anon$4.work(System.scala:64) [task-system-0.13.0.jar:0.13.0]
	at sbt.Execute$$anonfun$submit$1$$anonfun$apply$1.apply(Execute.scala:237) [tasks-0.13.0.jar:0.13.0]
	at sbt.Execute$$anonfun$submit$1$$anonfun$apply$1.apply(Execute.scala:237) [tasks-0.13.0.jar:0.13.0]
	at sbt.ErrorHandling$.wideConvert(ErrorHandling.scala:18) [control-0.13.0.jar:0.13.0]
	at sbt.Execute.work(Execute.scala:244) [tasks-0.13.0.jar:0.13.0]
	at sbt.Execute$$anonfun$submit$1.apply(Execute.scala:237) [tasks-0.13.0.jar:0.13.0]
	at sbt.Execute$$anonfun$submit$1.apply(Execute.scala:237) [tasks-0.13.0.jar:0.13.0]
	at sbt.ConcurrentRestrictions$$anon$4$$anonfun$1.apply(ConcurrentRestrictions.scala:160) [tasks-0.13.0.jar:0.13.0]
	at sbt.CompletionService$$anon$2.call(CompletionService.scala:30) [tasks-0.13.0.jar:0.13.0]
	at java.util.concurrent.FutureTask$Sync.innerRun(FutureTask.java:334) [na:1.7.0]
	at java.util.concurrent.FutureTask.run(FutureTask.java:166) [na:1.7.0]
	at java.util.concurrent.Executors$RunnableAdapter.call(Executors.java:471) [na:1.7.0]
	at java.util.concurrent.FutureTask$Sync.innerRun(FutureTask.java:334) [na:1.7.0]
	at java.util.concurrent.FutureTask.run(FutureTask.java:166) [na:1.7.0]
	at java.util.concurrent.ThreadPoolExecutor.runWorker(ThreadPoolExecutor.java:1110) [na:1.7.0]
	at java.util.concurrent.ThreadPoolExecutor$Worker.run(ThreadPoolExecutor.java:603) [na:1.7.0]
	at java.lang.Thread.run(Thread.java:722) [na:1.7.0]

2013-12-08 15:58:11,006 - [ERROR] - from com.jolbox.bonecp.BoneCP in pool-16-thread-4 
Error in attempting to close connection
com.mysql.jdbc.exceptions.jdbc4.MySQLNonTransientConnectionException: Communications link failure during rollback(). Transaction resolution unknown.
	at sun.reflect.GeneratedConstructorAccessor15.newInstance(Unknown Source) ~[na:na]
	at sun.reflect.DelegatingConstructorAccessorImpl.newInstance(DelegatingConstructorAccessorImpl.java:45) ~[na:1.7.0]
	at java.lang.reflect.Constructor.newInstance(Constructor.java:525) ~[na:1.7.0]
	at com.mysql.jdbc.Util.handleNewInstance(Util.java:411) ~[mysql-connector-java-5.1.22-bin.jar:na]
	at com.mysql.jdbc.Util.getInstance(Util.java:386) ~[mysql-connector-java-5.1.22-bin.jar:na]
	at com.mysql.jdbc.SQLError.createSQLException(SQLError.java:1014) ~[mysql-connector-java-5.1.22-bin.jar:na]
	at com.mysql.jdbc.SQLError.createSQLException(SQLError.java:988) ~[mysql-connector-java-5.1.22-bin.jar:na]
	at com.mysql.jdbc.SQLError.createSQLException(SQLError.java:974) ~[mysql-connector-java-5.1.22-bin.jar:na]
	at com.mysql.jdbc.SQLError.createSQLException(SQLError.java:919) ~[mysql-connector-java-5.1.22-bin.jar:na]
	at com.mysql.jdbc.ConnectionImpl.rollback(ConnectionImpl.java:4808) ~[mysql-connector-java-5.1.22-bin.jar:na]
	at com.mysql.jdbc.ConnectionImpl.realClose(ConnectionImpl.java:4403) ~[mysql-connector-java-5.1.22-bin.jar:na]
	at com.mysql.jdbc.ConnectionImpl.close(ConnectionImpl.java:1594) ~[mysql-connector-java-5.1.22-bin.jar:na]
	at com.jolbox.bonecp.ConnectionHandle.internalClose(ConnectionHandle.java:504) ~[bonecp.jar:na]
	at com.jolbox.bonecp.BoneCP.destroyConnection(BoneCP.java:216) [bonecp.jar:na]
	at com.jolbox.bonecp.DefaultConnectionStrategy.terminateAllConnections(DefaultConnectionStrategy.java:111) [bonecp.jar:na]
	at com.jolbox.bonecp.BoneCP.shutdown(BoneCP.java:182) [bonecp.jar:na]
	at com.jolbox.bonecp.BoneCPDataSource.close(BoneCPDataSource.java:143) [bonecp.jar:na]
	at play.api.db.BoneCPApi.shutdownPool(DB.scala:414) [play-jdbc_2.10.jar:2.2.0]
	at play.api.db.BoneCPPlugin$$anonfun$onStop$1.apply(DB.scala:264) [play-jdbc_2.10.jar:2.2.0]
	at play.api.db.BoneCPPlugin$$anonfun$onStop$1.apply(DB.scala:262) [play-jdbc_2.10.jar:2.2.0]
	at scala.collection.immutable.List.foreach(List.scala:318) [scala-library.jar:na]
	at play.api.db.BoneCPPlugin.onStop(DB.scala:262) [play-jdbc_2.10.jar:2.2.0]
	at play.api.Play$$anonfun$stop$1$$anonfun$apply$1$$anonfun$apply$mcV$sp$2.apply(Play.scala:105) [play_2.10.jar:2.2.0]
	at play.api.Play$$anonfun$stop$1$$anonfun$apply$1$$anonfun$apply$mcV$sp$2.apply(Play.scala:104) [play_2.10.jar:2.2.0]
	at scala.collection.immutable.List.foreach(List.scala:318) [scala-library.jar:na]
	at play.api.Play$$anonfun$stop$1$$anonfun$apply$1.apply$mcV$sp(Play.scala:104) [play_2.10.jar:2.2.0]
	at play.api.Play$$anonfun$stop$1$$anonfun$apply$1.apply(Play.scala:104) [play_2.10.jar:2.2.0]
	at play.api.Play$$anonfun$stop$1$$anonfun$apply$1.apply(Play.scala:104) [play_2.10.jar:2.2.0]
	at play.utils.Threads$.withContextClassLoader(Threads.scala:18) [play_2.10.jar:2.2.0]
	at play.api.Play$$anonfun$stop$1.apply(Play.scala:103) [play_2.10.jar:2.2.0]
	at play.api.Play$$anonfun$stop$1.apply(Play.scala:102) [play_2.10.jar:2.2.0]
	at scala.Option.map(Option.scala:145) [scala-library.jar:na]
	at play.api.Play$.stop(Play.scala:102) [play_2.10.jar:2.2.0]
	at play.core.server.NettyServer.stop(NettyServer.scala:163) [play_2.10.jar:2.2.0]
	at play.PlayRun$$anonfun$playRunTask$1$$anonfun$apply$1.apply(PlayRun.scala:318) [sbt-plugin-2.2.0.jar:2.2.0]
	at play.PlayRun$$anonfun$playRunTask$1$$anonfun$apply$1.apply(PlayRun.scala:91) [sbt-plugin-2.2.0.jar:2.2.0]
	at scala.Function7$$anonfun$tupled$1.apply(Function7.scala:35) [scala-library.jar:0.13.0]
	at scala.Function7$$anonfun$tupled$1.apply(Function7.scala:34) [scala-library.jar:0.13.0]
	at scala.Function1$$anonfun$compose$1.apply(Function1.scala:47) [scala-library.jar:0.13.0]
	at sbt.$tilde$greater$$anonfun$$u2219$1.apply(TypeFunctions.scala:42) [collections-0.13.0.jar:0.13.0]
	at sbt.std.Transform$$anon$4.work(System.scala:64) [task-system-0.13.0.jar:0.13.0]
	at sbt.Execute$$anonfun$submit$1$$anonfun$apply$1.apply(Execute.scala:237) [tasks-0.13.0.jar:0.13.0]
	at sbt.Execute$$anonfun$submit$1$$anonfun$apply$1.apply(Execute.scala:237) [tasks-0.13.0.jar:0.13.0]
	at sbt.ErrorHandling$.wideConvert(ErrorHandling.scala:18) [control-0.13.0.jar:0.13.0]
	at sbt.Execute.work(Execute.scala:244) [tasks-0.13.0.jar:0.13.0]
	at sbt.Execute$$anonfun$submit$1.apply(Execute.scala:237) [tasks-0.13.0.jar:0.13.0]
	at sbt.Execute$$anonfun$submit$1.apply(Execute.scala:237) [tasks-0.13.0.jar:0.13.0]
	at sbt.ConcurrentRestrictions$$anon$4$$anonfun$1.apply(ConcurrentRestrictions.scala:160) [tasks-0.13.0.jar:0.13.0]
	at sbt.CompletionService$$anon$2.call(CompletionService.scala:30) [tasks-0.13.0.jar:0.13.0]
	at java.util.concurrent.FutureTask$Sync.innerRun(FutureTask.java:334) [na:1.7.0]
	at java.util.concurrent.FutureTask.run(FutureTask.java:166) [na:1.7.0]
	at java.util.concurrent.Executors$RunnableAdapter.call(Executors.java:471) [na:1.7.0]
	at java.util.concurrent.FutureTask$Sync.innerRun(FutureTask.java:334) [na:1.7.0]
	at java.util.concurrent.FutureTask.run(FutureTask.java:166) [na:1.7.0]
	at java.util.concurrent.ThreadPoolExecutor.runWorker(ThreadPoolExecutor.java:1110) [na:1.7.0]
	at java.util.concurrent.ThreadPoolExecutor$Worker.run(ThreadPoolExecutor.java:603) [na:1.7.0]
	at java.lang.Thread.run(Thread.java:722) [na:1.7.0]

2013-12-08 15:58:11,013 - [ERROR] - from com.jolbox.bonecp.BoneCP in pool-16-thread-4 
Error in attempting to close connection
com.mysql.jdbc.exceptions.jdbc4.MySQLNonTransientConnectionException: Communications link failure during rollback(). Transaction resolution unknown.
	at sun.reflect.GeneratedConstructorAccessor15.newInstance(Unknown Source) ~[na:na]
	at sun.reflect.DelegatingConstructorAccessorImpl.newInstance(DelegatingConstructorAccessorImpl.java:45) ~[na:1.7.0]
	at java.lang.reflect.Constructor.newInstance(Constructor.java:525) ~[na:1.7.0]
	at com.mysql.jdbc.Util.handleNewInstance(Util.java:411) ~[mysql-connector-java-5.1.22-bin.jar:na]
	at com.mysql.jdbc.Util.getInstance(Util.java:386) ~[mysql-connector-java-5.1.22-bin.jar:na]
	at com.mysql.jdbc.SQLError.createSQLException(SQLError.java:1014) ~[mysql-connector-java-5.1.22-bin.jar:na]
	at com.mysql.jdbc.SQLError.createSQLException(SQLError.java:988) ~[mysql-connector-java-5.1.22-bin.jar:na]
	at com.mysql.jdbc.SQLError.createSQLException(SQLError.java:974) ~[mysql-connector-java-5.1.22-bin.jar:na]
	at com.mysql.jdbc.SQLError.createSQLException(SQLError.java:919) ~[mysql-connector-java-5.1.22-bin.jar:na]
	at com.mysql.jdbc.ConnectionImpl.rollback(ConnectionImpl.java:4808) ~[mysql-connector-java-5.1.22-bin.jar:na]
	at com.mysql.jdbc.ConnectionImpl.realClose(ConnectionImpl.java:4403) ~[mysql-connector-java-5.1.22-bin.jar:na]
	at com.mysql.jdbc.ConnectionImpl.close(ConnectionImpl.java:1594) ~[mysql-connector-java-5.1.22-bin.jar:na]
	at com.jolbox.bonecp.ConnectionHandle.internalClose(ConnectionHandle.java:504) ~[bonecp.jar:na]
	at com.jolbox.bonecp.BoneCP.destroyConnection(BoneCP.java:216) [bonecp.jar:na]
	at com.jolbox.bonecp.DefaultConnectionStrategy.terminateAllConnections(DefaultConnectionStrategy.java:111) [bonecp.jar:na]
	at com.jolbox.bonecp.BoneCP.shutdown(BoneCP.java:182) [bonecp.jar:na]
	at com.jolbox.bonecp.BoneCPDataSource.close(BoneCPDataSource.java:143) [bonecp.jar:na]
	at play.api.db.BoneCPApi.shutdownPool(DB.scala:414) [play-jdbc_2.10.jar:2.2.0]
	at play.api.db.BoneCPPlugin$$anonfun$onStop$1.apply(DB.scala:264) [play-jdbc_2.10.jar:2.2.0]
	at play.api.db.BoneCPPlugin$$anonfun$onStop$1.apply(DB.scala:262) [play-jdbc_2.10.jar:2.2.0]
	at scala.collection.immutable.List.foreach(List.scala:318) [scala-library.jar:na]
	at play.api.db.BoneCPPlugin.onStop(DB.scala:262) [play-jdbc_2.10.jar:2.2.0]
	at play.api.Play$$anonfun$stop$1$$anonfun$apply$1$$anonfun$apply$mcV$sp$2.apply(Play.scala:105) [play_2.10.jar:2.2.0]
	at play.api.Play$$anonfun$stop$1$$anonfun$apply$1$$anonfun$apply$mcV$sp$2.apply(Play.scala:104) [play_2.10.jar:2.2.0]
	at scala.collection.immutable.List.foreach(List.scala:318) [scala-library.jar:na]
	at play.api.Play$$anonfun$stop$1$$anonfun$apply$1.apply$mcV$sp(Play.scala:104) [play_2.10.jar:2.2.0]
	at play.api.Play$$anonfun$stop$1$$anonfun$apply$1.apply(Play.scala:104) [play_2.10.jar:2.2.0]
	at play.api.Play$$anonfun$stop$1$$anonfun$apply$1.apply(Play.scala:104) [play_2.10.jar:2.2.0]
	at play.utils.Threads$.withContextClassLoader(Threads.scala:18) [play_2.10.jar:2.2.0]
	at play.api.Play$$anonfun$stop$1.apply(Play.scala:103) [play_2.10.jar:2.2.0]
	at play.api.Play$$anonfun$stop$1.apply(Play.scala:102) [play_2.10.jar:2.2.0]
	at scala.Option.map(Option.scala:145) [scala-library.jar:na]
	at play.api.Play$.stop(Play.scala:102) [play_2.10.jar:2.2.0]
	at play.core.server.NettyServer.stop(NettyServer.scala:163) [play_2.10.jar:2.2.0]
	at play.PlayRun$$anonfun$playRunTask$1$$anonfun$apply$1.apply(PlayRun.scala:318) [sbt-plugin-2.2.0.jar:2.2.0]
	at play.PlayRun$$anonfun$playRunTask$1$$anonfun$apply$1.apply(PlayRun.scala:91) [sbt-plugin-2.2.0.jar:2.2.0]
	at scala.Function7$$anonfun$tupled$1.apply(Function7.scala:35) [scala-library.jar:0.13.0]
	at scala.Function7$$anonfun$tupled$1.apply(Function7.scala:34) [scala-library.jar:0.13.0]
	at scala.Function1$$anonfun$compose$1.apply(Function1.scala:47) [scala-library.jar:0.13.0]
	at sbt.$tilde$greater$$anonfun$$u2219$1.apply(TypeFunctions.scala:42) [collections-0.13.0.jar:0.13.0]
	at sbt.std.Transform$$anon$4.work(System.scala:64) [task-system-0.13.0.jar:0.13.0]
	at sbt.Execute$$anonfun$submit$1$$anonfun$apply$1.apply(Execute.scala:237) [tasks-0.13.0.jar:0.13.0]
	at sbt.Execute$$anonfun$submit$1$$anonfun$apply$1.apply(Execute.scala:237) [tasks-0.13.0.jar:0.13.0]
	at sbt.ErrorHandling$.wideConvert(ErrorHandling.scala:18) [control-0.13.0.jar:0.13.0]
	at sbt.Execute.work(Execute.scala:244) [tasks-0.13.0.jar:0.13.0]
	at sbt.Execute$$anonfun$submit$1.apply(Execute.scala:237) [tasks-0.13.0.jar:0.13.0]
	at sbt.Execute$$anonfun$submit$1.apply(Execute.scala:237) [tasks-0.13.0.jar:0.13.0]
	at sbt.ConcurrentRestrictions$$anon$4$$anonfun$1.apply(ConcurrentRestrictions.scala:160) [tasks-0.13.0.jar:0.13.0]
	at sbt.CompletionService$$anon$2.call(CompletionService.scala:30) [tasks-0.13.0.jar:0.13.0]
	at java.util.concurrent.FutureTask$Sync.innerRun(FutureTask.java:334) [na:1.7.0]
	at java.util.concurrent.FutureTask.run(FutureTask.java:166) [na:1.7.0]
	at java.util.concurrent.Executors$RunnableAdapter.call(Executors.java:471) [na:1.7.0]
	at java.util.concurrent.FutureTask$Sync.innerRun(FutureTask.java:334) [na:1.7.0]
	at java.util.concurrent.FutureTask.run(FutureTask.java:166) [na:1.7.0]
	at java.util.concurrent.ThreadPoolExecutor.runWorker(ThreadPoolExecutor.java:1110) [na:1.7.0]
	at java.util.concurrent.ThreadPoolExecutor$Worker.run(ThreadPoolExecutor.java:603) [na:1.7.0]
	at java.lang.Thread.run(Thread.java:722) [na:1.7.0]

2013-12-08 15:58:11,020 - [ERROR] - from com.jolbox.bonecp.BoneCP in pool-16-thread-4 
Error in attempting to close connection
com.mysql.jdbc.exceptions.jdbc4.MySQLNonTransientConnectionException: Communications link failure during rollback(). Transaction resolution unknown.
	at sun.reflect.GeneratedConstructorAccessor15.newInstance(Unknown Source) ~[na:na]
	at sun.reflect.DelegatingConstructorAccessorImpl.newInstance(DelegatingConstructorAccessorImpl.java:45) ~[na:1.7.0]
	at java.lang.reflect.Constructor.newInstance(Constructor.java:525) ~[na:1.7.0]
	at com.mysql.jdbc.Util.handleNewInstance(Util.java:411) ~[mysql-connector-java-5.1.22-bin.jar:na]
	at com.mysql.jdbc.Util.getInstance(Util.java:386) ~[mysql-connector-java-5.1.22-bin.jar:na]
	at com.mysql.jdbc.SQLError.createSQLException(SQLError.java:1014) ~[mysql-connector-java-5.1.22-bin.jar:na]
	at com.mysql.jdbc.SQLError.createSQLException(SQLError.java:988) ~[mysql-connector-java-5.1.22-bin.jar:na]
	at com.mysql.jdbc.SQLError.createSQLException(SQLError.java:974) ~[mysql-connector-java-5.1.22-bin.jar:na]
	at com.mysql.jdbc.SQLError.createSQLException(SQLError.java:919) ~[mysql-connector-java-5.1.22-bin.jar:na]
	at com.mysql.jdbc.ConnectionImpl.rollback(ConnectionImpl.java:4808) ~[mysql-connector-java-5.1.22-bin.jar:na]
	at com.mysql.jdbc.ConnectionImpl.realClose(ConnectionImpl.java:4403) ~[mysql-connector-java-5.1.22-bin.jar:na]
	at com.mysql.jdbc.ConnectionImpl.close(ConnectionImpl.java:1594) ~[mysql-connector-java-5.1.22-bin.jar:na]
	at com.jolbox.bonecp.ConnectionHandle.internalClose(ConnectionHandle.java:504) ~[bonecp.jar:na]
	at com.jolbox.bonecp.BoneCP.destroyConnection(BoneCP.java:216) [bonecp.jar:na]
	at com.jolbox.bonecp.DefaultConnectionStrategy.terminateAllConnections(DefaultConnectionStrategy.java:111) [bonecp.jar:na]
	at com.jolbox.bonecp.BoneCP.shutdown(BoneCP.java:182) [bonecp.jar:na]
	at com.jolbox.bonecp.BoneCPDataSource.close(BoneCPDataSource.java:143) [bonecp.jar:na]
	at play.api.db.BoneCPApi.shutdownPool(DB.scala:414) [play-jdbc_2.10.jar:2.2.0]
	at play.api.db.BoneCPPlugin$$anonfun$onStop$1.apply(DB.scala:264) [play-jdbc_2.10.jar:2.2.0]
	at play.api.db.BoneCPPlugin$$anonfun$onStop$1.apply(DB.scala:262) [play-jdbc_2.10.jar:2.2.0]
	at scala.collection.immutable.List.foreach(List.scala:318) [scala-library.jar:na]
	at play.api.db.BoneCPPlugin.onStop(DB.scala:262) [play-jdbc_2.10.jar:2.2.0]
	at play.api.Play$$anonfun$stop$1$$anonfun$apply$1$$anonfun$apply$mcV$sp$2.apply(Play.scala:105) [play_2.10.jar:2.2.0]
	at play.api.Play$$anonfun$stop$1$$anonfun$apply$1$$anonfun$apply$mcV$sp$2.apply(Play.scala:104) [play_2.10.jar:2.2.0]
	at scala.collection.immutable.List.foreach(List.scala:318) [scala-library.jar:na]
	at play.api.Play$$anonfun$stop$1$$anonfun$apply$1.apply$mcV$sp(Play.scala:104) [play_2.10.jar:2.2.0]
	at play.api.Play$$anonfun$stop$1$$anonfun$apply$1.apply(Play.scala:104) [play_2.10.jar:2.2.0]
	at play.api.Play$$anonfun$stop$1$$anonfun$apply$1.apply(Play.scala:104) [play_2.10.jar:2.2.0]
	at play.utils.Threads$.withContextClassLoader(Threads.scala:18) [play_2.10.jar:2.2.0]
	at play.api.Play$$anonfun$stop$1.apply(Play.scala:103) [play_2.10.jar:2.2.0]
	at play.api.Play$$anonfun$stop$1.apply(Play.scala:102) [play_2.10.jar:2.2.0]
	at scala.Option.map(Option.scala:145) [scala-library.jar:na]
	at play.api.Play$.stop(Play.scala:102) [play_2.10.jar:2.2.0]
	at play.core.server.NettyServer.stop(NettyServer.scala:163) [play_2.10.jar:2.2.0]
	at play.PlayRun$$anonfun$playRunTask$1$$anonfun$apply$1.apply(PlayRun.scala:318) [sbt-plugin-2.2.0.jar:2.2.0]
	at play.PlayRun$$anonfun$playRunTask$1$$anonfun$apply$1.apply(PlayRun.scala:91) [sbt-plugin-2.2.0.jar:2.2.0]
	at scala.Function7$$anonfun$tupled$1.apply(Function7.scala:35) [scala-library.jar:0.13.0]
	at scala.Function7$$anonfun$tupled$1.apply(Function7.scala:34) [scala-library.jar:0.13.0]
	at scala.Function1$$anonfun$compose$1.apply(Function1.scala:47) [scala-library.jar:0.13.0]
	at sbt.$tilde$greater$$anonfun$$u2219$1.apply(TypeFunctions.scala:42) [collections-0.13.0.jar:0.13.0]
	at sbt.std.Transform$$anon$4.work(System.scala:64) [task-system-0.13.0.jar:0.13.0]
	at sbt.Execute$$anonfun$submit$1$$anonfun$apply$1.apply(Execute.scala:237) [tasks-0.13.0.jar:0.13.0]
	at sbt.Execute$$anonfun$submit$1$$anonfun$apply$1.apply(Execute.scala:237) [tasks-0.13.0.jar:0.13.0]
	at sbt.ErrorHandling$.wideConvert(ErrorHandling.scala:18) [control-0.13.0.jar:0.13.0]
	at sbt.Execute.work(Execute.scala:244) [tasks-0.13.0.jar:0.13.0]
	at sbt.Execute$$anonfun$submit$1.apply(Execute.scala:237) [tasks-0.13.0.jar:0.13.0]
	at sbt.Execute$$anonfun$submit$1.apply(Execute.scala:237) [tasks-0.13.0.jar:0.13.0]
	at sbt.ConcurrentRestrictions$$anon$4$$anonfun$1.apply(ConcurrentRestrictions.scala:160) [tasks-0.13.0.jar:0.13.0]
	at sbt.CompletionService$$anon$2.call(CompletionService.scala:30) [tasks-0.13.0.jar:0.13.0]
	at java.util.concurrent.FutureTask$Sync.innerRun(FutureTask.java:334) [na:1.7.0]
	at java.util.concurrent.FutureTask.run(FutureTask.java:166) [na:1.7.0]
	at java.util.concurrent.Executors$RunnableAdapter.call(Executors.java:471) [na:1.7.0]
	at java.util.concurrent.FutureTask$Sync.innerRun(FutureTask.java:334) [na:1.7.0]
	at java.util.concurrent.FutureTask.run(FutureTask.java:166) [na:1.7.0]
	at java.util.concurrent.ThreadPoolExecutor.runWorker(ThreadPoolExecutor.java:1110) [na:1.7.0]
	at java.util.concurrent.ThreadPoolExecutor$Worker.run(ThreadPoolExecutor.java:603) [na:1.7.0]
	at java.lang.Thread.run(Thread.java:722) [na:1.7.0]

